<?xml version="1.0" encoding="UTF-8"?>
<!-- Generated by org.testng.reporters.JUnitXMLReporter -->
<testsuite ignored="0" hostname="LIN83003605" failures="1" tests="2" name="Tests" time="25.844" errors="0" timestamp="2023-02-22T13:34:21 IST">
  <testcase classname="io.cucumber.testng.AbstractTestNGCucumberTests" name="runScenario" time="0.477"/>
  <testcase classname="io.cucumber.testng.AbstractTestNGCucumberTests" name="runScenario" time="20.032">
    <failure type="java.lang.AssertionError">
      <![CDATA[java.lang.AssertionError
at org.junit.Assert.fail(Assert.java:87)
at org.junit.Assert.assertTrue(Assert.java:42)
at org.junit.Assert.assertTrue(Assert.java:53)
at com.ksb.qametrics.test.stepdefinition.GoogleSearch_steps.userShouldFindTheFieldsInTheTable(GoogleSearch_steps.java:183)
at âœ½.user should find the fields "image_electronic_location_code" in the "Ryder_Combo" table(classpath:featurefile/TestADO.feature:15)
]]>
    </failure>
  </testcase> <!-- runScenario -->
</testsuite> <!-- Tests -->
