<?xml version="1.0" encoding="UTF-8"?>
<testng-results ignored="0" total="2" passed="1" failed="1" skipped="0">
  <reporter-output>
  </reporter-output>
  <suite started-at="2023-02-22T13:33:55 IST" name="Suite" finished-at="2023-02-22T13:34:21 IST" duration-ms="25844">
    <groups>
      <group name="cucumber">
        <method signature="AbstractTestNGCucumberTests.runScenario(io.cucumber.testng.PickleWrapper, io.cucumber.testng.FeatureWrapper)[pri:0, instance:com.ksb.qametrics.test.runner.BTestRunner@7a5ceedd]" name="runScenario" class="io.cucumber.testng.AbstractTestNGCucumberTests"/>
      </group> <!-- cucumber -->
    </groups>
    <test started-at="2023-02-22T13:33:55 IST" name="Tests" finished-at="2023-02-22T13:34:21 IST" duration-ms="25844">
      <class name="com.ksb.qametrics.test.runner.BTestRunner">
        <test-method is-config="true" signature="setUpClass()[pri:0, instance:com.ksb.qametrics.test.runner.BTestRunner@7a5ceedd]" started-at="2023-02-22T13:33:55 IST" name="setUpClass" finished-at="2023-02-22T13:33:56 IST" duration-ms="1545" status="PASS">
          <reporter-output>
          </reporter-output>
        </test-method> <!-- setUpClass -->
        <test-method signature="runScenario(io.cucumber.testng.PickleWrapper, io.cucumber.testng.FeatureWrapper)[pri:0, instance:com.ksb.qametrics.test.runner.BTestRunner@7a5ceedd]" started-at="2023-02-22T13:33:56 IST" name="runScenario" description="Runs Cucumber Scenarios" data-provider="scenarios" finished-at="2023-02-22T13:33:57 IST" duration-ms="477" status="PASS">
          <params>
            <param index="0">
              <value>
                <![CDATA["Validate update of valid accepted date in VMD and to Elastic search through rhub pub sub interface"]]>
              </value>
            </param>
            <param index="1">
              <value>
                <![CDATA["Optional[Validate ADO update with test results]"]]>
              </value>
            </param>
          </params>
          <reporter-output>
          </reporter-output>
        </test-method> <!-- runScenario -->
        <test-method signature="runScenario(io.cucumber.testng.PickleWrapper, io.cucumber.testng.FeatureWrapper)[pri:0, instance:com.ksb.qametrics.test.runner.BTestRunner@7a5ceedd]" started-at="2023-02-22T13:33:57 IST" name="runScenario" description="Runs Cucumber Scenarios" data-provider="scenarios" finished-at="2023-02-22T13:34:17 IST" duration-ms="20032" status="FAIL">
          <params>
            <param index="0">
              <value>
                <![CDATA["Validate accepted date of invalid format is not updated in VMD and to Elastic search through rhub pub sub interface"]]>
              </value>
            </param>
            <param index="1">
              <value>
                <![CDATA["Optional[Validate ADO update with test results]"]]>
              </value>
            </param>
          </params>
          <exception class="java.lang.AssertionError">
            <full-stacktrace>
              <![CDATA[java.lang.AssertionError
at org.junit.Assert.fail(Assert.java:87)
at org.junit.Assert.assertTrue(Assert.java:42)
at org.junit.Assert.assertTrue(Assert.java:53)
at com.ksb.qametrics.test.stepdefinition.GoogleSearch_steps.userShouldFindTheFieldsInTheTable(GoogleSearch_steps.java:183)
at âœ½.user should find the fields "image_electronic_location_code" in the "Ryder_Combo" table(classpath:featurefile/TestADO.feature:15)
]]>
            </full-stacktrace>
          </exception> <!-- java.lang.AssertionError -->
          <reporter-output>
          </reporter-output>
        </test-method> <!-- runScenario -->
        <test-method is-config="true" signature="writeExtentReport()[pri:0, instance:com.ksb.qametrics.test.runner.BTestRunner@7a5ceedd]" started-at="2023-02-22T13:34:17 IST" name="writeExtentReport" finished-at="2023-02-22T13:34:17 IST" duration-ms="1" status="PASS">
          <reporter-output>
          </reporter-output>
        </test-method> <!-- writeExtentReport -->
        <test-method is-config="true" signature="tearDownClass()[pri:0, instance:com.ksb.qametrics.test.runner.BTestRunner@7a5ceedd]" started-at="2023-02-22T13:34:17 IST" name="tearDownClass" finished-at="2023-02-22T13:34:21 IST" duration-ms="3726" status="PASS">
          <reporter-output>
          </reporter-output>
        </test-method> <!-- tearDownClass -->
      </class> <!-- com.ksb.qametrics.test.runner.BTestRunner -->
    </test> <!-- Tests -->
  </suite> <!-- Suite -->
</testng-results>
