<?xml version="1.0" encoding="UTF-8"?>
<!-- Generated by org.testng.reporters.JUnitReportReporter -->
<testsuite hostname="LIN83003605" failures="1" tests="2" name="com.ksb.qametrics.test.runner.BTestRunner" time="20.509" errors="0" timestamp="2023-02-22T13:34:21 IST" skipped="0">
  <testcase classname="com.ksb.qametrics.test.runner.BTestRunner" name="runScenario" time="0.477"/>
  <system-out/>
  <testcase classname="com.ksb.qametrics.test.runner.BTestRunner" name="runScenario" time="20.032">
    <failure type="java.lang.AssertionError">
      <![CDATA[java.lang.AssertionError
at org.junit.Assert.fail(Assert.java:87)
at org.junit.Assert.assertTrue(Assert.java:42)
at org.junit.Assert.assertTrue(Assert.java:53)
at com.ksb.qametrics.test.stepdefinition.GoogleSearch_steps.userShouldFindTheFieldsInTheTable(GoogleSearch_steps.java:183)
at âœ½.user should find the fields "image_electronic_location_code" in the "Ryder_Combo" table(classpath:featurefile/TestADO.feature:15)
]]>
    </failure>
  </testcase> <!-- runScenario -->
  <system-out/>
</testsuite> <!-- com.ksb.qametrics.test.runner.BTestRunner -->
